<?xml version="1.0" encoding="UTF-8"?>
<testng-results ignored="0" total="1" passed="1" failed="0" skipped="0">
  <reporter-output>
  </reporter-output>
  <suite started-at="2023-08-30T18:09:29 NPT" name="Default suite" finished-at="2023-08-30T18:10:19 NPT" duration-ms="49623">
    <groups>
    </groups>
    <test started-at="2023-08-30T18:09:29 NPT" name="Default test" finished-at="2023-08-30T18:10:19 NPT" duration-ms="49623">
      <class name="Macys.com.macysSelenium.MacysAutomateTest">
        <test-method is-config="true" signature="setUpBrowser()[pri:0, instance:Macys.com.macysSelenium.MacysAutomateTest@7cc0cdad]" started-at="2023-08-30T18:09:25 NPT" name="setUpBrowser" finished-at="2023-08-30T18:09:29 NPT" duration-ms="3939" status="PASS">
          <reporter-output>
          </reporter-output>
        </test-method> <!-- setUpBrowser -->
        <test-method signature="macyTestCases()[pri:0, instance:Macys.com.macysSelenium.MacysAutomateTest@7cc0cdad]" started-at="2023-08-30T18:09:29 NPT" name="macyTestCases" finished-at="2023-08-30T18:10:19 NPT" duration-ms="49566" status="PASS">
          <reporter-output>
          </reporter-output>
        </test-method> <!-- macyTestCases -->
        <test-method is-config="true" signature="close()[pri:0, instance:Macys.com.macysSelenium.MacysAutomateTest@7cc0cdad]" started-at="2023-08-30T18:10:19 NPT" name="close" finished-at="2023-08-30T18:10:20 NPT" duration-ms="1053" status="PASS">
          <reporter-output>
          </reporter-output>
        </test-method> <!-- close -->
      </class> <!-- Macys.com.macysSelenium.MacysAutomateTest -->
    </test> <!-- Default test -->
  </suite> <!-- Default suite -->
</testng-results>
